[2023-04-17 00:05:13,814: INFO: 01_base_model_creation]: 
********************
[2023-04-17 00:05:13,814: INFO: 01_base_model_creation]: >>>>> stage CREATING BASE MODEL started <<<<<
[2023-04-17 00:05:13,815: ERROR: 01_base_model_creation]: main() missing 1 required positional argument: 'params_path'
Traceback (most recent call last):
  File "C:\Users\Samiran A\Desktop\SD\DL\Transfer Learning\Transfer-Learning-Implementation-1\src\01_base_model_creation.py", line 66, in <module>
    main(config_path=parsed_args.config)
TypeError: main() missing 1 required positional argument: 'params_path'
[2023-04-17 00:05:34,747: INFO: 01_base_model_creation]: 
********************
[2023-04-17 00:05:34,748: INFO: 01_base_model_creation]: >>>>> stage CREATING BASE MODEL started <<<<<
[2023-04-17 00:05:34,749: INFO: common]: yaml file: configs/config.yaml loaded successfully
[2023-04-17 00:08:36,196: ERROR: 01_base_model_creation]: name 'OPTIMIZER' is not defined
Traceback (most recent call last):
  File "C:\Users\Samiran A\Desktop\SD\DL\Transfer Learning\Transfer-Learning-Implementation-1\src\01_base_model_creation.py", line 66, in <module>
    main(config_path=parsed_args.config)
  File "C:\Users\Samiran A\Desktop\SD\DL\Transfer Learning\Transfer-Learning-Implementation-1\src\01_base_model_creation.py", line 53, in main
    model.compile(loss=LOSS, optimizer=OPTIMIZER,metrics=METRICS)
NameError: name 'OPTIMIZER' is not defined
[2023-04-17 00:09:06,007: INFO: 01_base_model_creation]: 
********************
[2023-04-17 00:09:06,007: INFO: 01_base_model_creation]: >>>>> stage CREATING BASE MODEL started <<<<<
[2023-04-17 00:09:06,009: INFO: common]: yaml file: configs/config.yaml loaded successfully
[2023-04-17 00:09:06,551: INFO: 01_base_model_creation]: >>>>> stage CREATING BASE MODEL completed!<<<<<

